12:11:20.049 [Test worker] INFO  com.busanit501.spring_project.service.TodoServiceImpl-컨트롤러부터 넘어온 데이터 확인, todoDTO : TodoDTO(tno=null, title=서비스 단위테스트 스프링 버전, dueDate=2025-07-02, finished=false, writer=이상용, 서비스 단위테스트)
12:11:20.094 [Test worker] INFO  com.busanit501.spring_project.service.TodoServiceImpl-변환 된 데이터 확인 todoVO : TodoVO(tno=null, title=서비스 단위테스트 스프링 버전, dueDate=2025-07-02, finished=false, writer=이상용, 서비스 단위테스트)
15:59:19.717 [Test worker] INFO  com.busanit501.spring_project.service.TodoServiceTests-TodoDTO(tno=18, title=점심메뉴, dueDate=2025-07-03, finished=false, writer=테스트77)
15:59:19.718 [Test worker] INFO  com.busanit501.spring_project.service.TodoServiceTests-TodoDTO(tno=17, title=점심메뉴, dueDate=2025-07-03, finished=false, writer=테스트77)
15:59:19.718 [Test worker] INFO  com.busanit501.spring_project.service.TodoServiceTests-TodoDTO(tno=16, title=서비스 단위테스트 스프링 버전, dueDate=2025-07-02, finished=false, writer=이상용, 서비스 단위테스트)
15:59:19.719 [Test worker] INFO  com.busanit501.spring_project.service.TodoServiceTests-TodoDTO(tno=15, title=오늘 점심 뭐 먹지? 스프링 버전, dueDate=2025-07-02, finished=false, writer=이상용 스프링 버전)
15:59:19.720 [Test worker] INFO  com.busanit501.spring_project.service.TodoServiceTests-TodoDTO(tno=14, title=임시등록250627, dueDate=2025-06-27, finished=false, writer=null)
15:59:19.722 [Test worker] INFO  com.busanit501.spring_project.service.TodoServiceTests-TodoDTO(tno=13, title=250627등록, dueDate=2025-06-27, finished=false, writer=null)
15:59:19.722 [Test worker] INFO  com.busanit501.spring_project.service.TodoServiceTests-TodoDTO(tno=12, title=한글깨짐확인,Korean, dueDate=2025-06-25, finished=false, writer=null)
15:59:19.723 [Test worker] INFO  com.busanit501.spring_project.service.TodoServiceTests-TodoDTO(tno=11, title=ìì 4,Update4, dueDate=2025-06-25, finished=false, writer=null)
15:59:19.724 [Test worker] INFO  com.busanit501.spring_project.service.TodoServiceTests-TodoDTO(tno=9, title=서비스, 단위테스트 진행, dueDate=2025-06-25, finished=false, writer=null)
15:59:19.725 [Test worker] INFO  com.busanit501.spring_project.service.TodoServiceTests-TodoDTO(tno=8, title=제목 변경하기., dueDate=2025-06-25, finished=false, writer=null)
15:59:19.725 [Test worker] INFO  com.busanit501.spring_project.service.TodoServiceTests-TodoDTO(tno=7, title=수정하는중7, dueDate=2025-06-25, finished=true, writer=null)
15:59:19.726 [Test worker] INFO  com.busanit501.spring_project.service.TodoServiceTests-TodoDTO(tno=6, title=서비스, 단위테스트 진행, dueDate=2025-06-25, finished=false, writer=null)
15:59:19.726 [Test worker] INFO  com.busanit501.spring_project.service.TodoServiceTests-TodoDTO(tno=5, title=서비스, 단위테스트 진행, dueDate=2025-06-25, finished=false, writer=null)
15:59:19.727 [Test worker] INFO  com.busanit501.spring_project.service.TodoServiceTests-TodoDTO(tno=4, title=제목 변경하기.5, dueDate=2025-06-26, finished=true, writer=null)
15:59:19.727 [Test worker] INFO  com.busanit501.spring_project.service.TodoServiceTests-TodoDTO(tno=3, title=수정하기3333, dueDate=2025-06-26, finished=true, writer=null)
15:30:42.219 [Test worker] INFO  com.busanit501.spring_project.service.TodoServiceTests-서비스 단위테스트... 페이징 처리된 전체 조회 : PageResponseDTO(page=1, size=10, total=706, start=1, end=10, prev=false, next=true, dtoList=[TodoDTO(tno=1022, title=피니쉬체크박스수정, dueDate=2025-07-05, finished=false, writer=나나), TodoDTO(tno=1021, title=피니쉬체크박스 수정_1, dueDate=2025-07-10, finished=true, writer=나), TodoDTO(tno=861, title=수정테스트, TodoServiceTests에서 진행중.!, dueDate=2025-07-03, finished=false, writer=테스트77), TodoDTO(tno=860, title=서비스 단위테스트 스프링 버전, dueDate=2025-07-02, finished=false, writer=이상용, 서비스 단위테스트), TodoDTO(tno=859, title=임시등록250627, dueDate=2025-06-27, finished=false, writer=null), TodoDTO(tno=858, title=250627등록, dueDate=2025-06-27, finished=false, writer=null), TodoDTO(tno=857, title=한글깨짐확인,Korean, dueDate=2025-06-25, finished=false, writer=null), TodoDTO(tno=856, title=서비스, 단위테스트 진행, dueDate=2025-06-25, finished=false, writer=null), TodoDTO(tno=855, title=제목 변경하기., dueDate=2025-06-25, finished=false, writer=null), TodoDTO(tno=854, title=수정하는중7, dueDate=2025-06-25, finished=false, writer=null)])
15:30:42.222 [Test worker] INFO  com.busanit501.spring_project.service.TodoServiceTests-TodoDTO(tno=1022, title=피니쉬체크박스수정, dueDate=2025-07-05, finished=false, writer=나나)
15:30:42.223 [Test worker] INFO  com.busanit501.spring_project.service.TodoServiceTests-TodoDTO(tno=1021, title=피니쉬체크박스 수정_1, dueDate=2025-07-10, finished=true, writer=나)
15:30:42.223 [Test worker] INFO  com.busanit501.spring_project.service.TodoServiceTests-TodoDTO(tno=861, title=수정테스트, TodoServiceTests에서 진행중.!, dueDate=2025-07-03, finished=false, writer=테스트77)
15:30:42.223 [Test worker] INFO  com.busanit501.spring_project.service.TodoServiceTests-TodoDTO(tno=860, title=서비스 단위테스트 스프링 버전, dueDate=2025-07-02, finished=false, writer=이상용, 서비스 단위테스트)
15:30:42.224 [Test worker] INFO  com.busanit501.spring_project.service.TodoServiceTests-TodoDTO(tno=859, title=임시등록250627, dueDate=2025-06-27, finished=false, writer=null)
15:30:42.225 [Test worker] INFO  com.busanit501.spring_project.service.TodoServiceTests-TodoDTO(tno=858, title=250627등록, dueDate=2025-06-27, finished=false, writer=null)
15:30:42.226 [Test worker] INFO  com.busanit501.spring_project.service.TodoServiceTests-TodoDTO(tno=857, title=한글깨짐확인,Korean, dueDate=2025-06-25, finished=false, writer=null)
15:30:42.226 [Test worker] INFO  com.busanit501.spring_project.service.TodoServiceTests-TodoDTO(tno=856, title=서비스, 단위테스트 진행, dueDate=2025-06-25, finished=false, writer=null)
15:30:42.227 [Test worker] INFO  com.busanit501.spring_project.service.TodoServiceTests-TodoDTO(tno=855, title=제목 변경하기., dueDate=2025-06-25, finished=false, writer=null)
15:30:42.227 [Test worker] INFO  com.busanit501.spring_project.service.TodoServiceTests-TodoDTO(tno=854, title=수정하는중7, dueDate=2025-06-25, finished=false, writer=null)
